[1 of 2] Compiling Main             ( /tmp/stack2484/parsers-0.12.7/Setup.lhs, /tmp/stack2484/parsers-0.12.7/.stack-work/dist/x86_64-linux/Cabal-1.24.2.0/setup/Main.o )
[2 of 2] Compiling StackSetupShim   ( /home/jon/.stack/setup-exe-src/setup-shim-mPHDZzAJ.hs, /tmp/stack2484/parsers-0.12.7/.stack-work/dist/x86_64-linux/Cabal-1.24.2.0/setup/StackSetupShim.o )
Linking /tmp/stack2484/parsers-0.12.7/.stack-work/dist/x86_64-linux/Cabal-1.24.2.0/setup/setup ...
Configuring parsers-0.12.7...
Building parsers-0.12.7...
Preprocessing library parsers-0.12.7...
[1 of 8] Compiling Text.Parser.Token.Highlight ( src/Text/Parser/Token/Highlight.hs, .stack-work/dist/x86_64-linux/Cabal-1.24.2.0/build/Text/Parser/Token/Highlight.o )
[2 of 8] Compiling Text.Parser.Permutation ( src/Text/Parser/Permutation.hs, .stack-work/dist/x86_64-linux/Cabal-1.24.2.0/build/Text/Parser/Permutation.o )
[3 of 8] Compiling Text.Parser.Combinators ( src/Text/Parser/Combinators.hs, .stack-work/dist/x86_64-linux/Cabal-1.24.2.0/build/Text/Parser/Combinators.o )
[4 of 8] Compiling Text.Parser.Expression ( src/Text/Parser/Expression.hs, .stack-work/dist/x86_64-linux/Cabal-1.24.2.0/build/Text/Parser/Expression.o )

src/Text/Parser/Expression.hs:115:15: warning: [-Wmonomorphism-restriction]
    • The Monomorphism Restriction applies to the bindings for ‘rassoc’,
                                                               ‘lassoc’, ‘nassoc’, ‘prefix’,
                                                               ‘postfix’
        Consider giving a type signature for these binders
    • In the expression:
        let
          rassoc, lassoc, nassoc :: [m (a -> a -> a)]
          prefix, postfix :: [m (a -> a)]
          (rassoc, lassoc, nassoc, prefix, postfix)
            = foldr splitOp ([], [], [], [], []) ops
          ....
        in
          termP <**> (rassocP <|> lassocP <|> nassocP <|> pure id)
          <?> "operator"
      In an equation for ‘makeParser’:
          makeParser term ops
            = let
                rassoc, lassoc, nassoc :: [m (a -> a -> a)]
                prefix, postfix :: [m (a -> a)]
                ....
              in
                termP <**> (rassocP <|> lassocP <|> nassocP <|> pure id)
                <?> "operator"
      In an equation for ‘buildExpressionParser’:
          buildExpressionParser operators simpleExpr
            = foldl makeParser simpleExpr operators
            where
                makeParser term ops
                  = let ...
                    in
                      termP <**> (rassocP <|> lassocP <|> nassocP <|> pure id)
                      <?> "operator"
                splitOp (Infix op assoc) (rassoc, lassoc, nassoc, prefix, postfix)
                  = case assoc of {
                      AssocNone -> ...
                      AssocLeft -> ...
                      AssocRight -> ... }
                splitOp (Prefix op) (rassoc, lassoc, nassoc, prefix, postfix)
                  = (rassoc, lassoc, nassoc, op : prefix, postfix)
                splitOp (Postfix op) (rassoc, lassoc, nassoc, prefix, postfix)
                  = (rassoc, lassoc, nassoc, prefix, op : postfix)
[5 of 8] Compiling Text.Parser.LookAhead ( src/Text/Parser/LookAhead.hs, .stack-work/dist/x86_64-linux/Cabal-1.24.2.0/build/Text/Parser/LookAhead.o )
[6 of 8] Compiling Text.Parser.Char ( src/Text/Parser/Char.hs, .stack-work/dist/x86_64-linux/Cabal-1.24.2.0/build/Text/Parser/Char.o )
[7 of 8] Compiling Text.Parser.Token ( src/Text/Parser/Token.hs, .stack-work/dist/x86_64-linux/Cabal-1.24.2.0/build/Text/Parser/Token.o )

src/Text/Parser/Token.hs:642:38: warning: [-Wincomplete-uni-patterns]
    Pattern match(es) are non-exhaustive
    In a pattern binding: Patterns not matched: (_, [])
[8 of 8] Compiling Text.Parser.Token.Style ( src/Text/Parser/Token/Style.hs, .stack-work/dist/x86_64-linux/Cabal-1.24.2.0/build/Text/Parser/Token/Style.o )
Installing library in
/home/jon/.stack/snapshots/x86_64-linux/lts-9.11/8.0.2/lib/x86_64-linux-ghc-8.0.2/parsers-0.12.7-E2vtGM8ez3hAXial9fBM7R
Registering parsers-0.12.7...
